# JRE version: Java(TM) SE Runtime Environment (8.0_60-b27) (build 1.8.0_60-b27)
# Java VM: Java HotSpot(TM) 64-Bit Server VM (25.60-b23 mixed mode windows-amd64 compressed oops)
Heap:
 PSYoungGen      total 71680K, used 45590K [0x00000000d5c00000, 0x00000000da700000, 0x0000000100000000)
  eden space 66560K, 60% used [0x00000000d5c00000,0x00000000d83888c0,0x00000000d9d00000)
  from space 5120K, 99% used [0x00000000d9d00000,0x00000000da1fd030,0x00000000da200000)
  to   space 5120K, 0% used [0x00000000da200000,0x00000000da200000,0x00000000da700000)
 ParOldGen       total 56832K, used 12525K [0x0000000081400000, 0x0000000084b80000, 0x00000000d5c00000)
  object space 56832K, 22% used [0x0000000081400000,0x000000008203b7c0,0x0000000084b80000)
 Metaspace       used 28307K, capacity 29244K, committed 29440K, reserved 1075200K
  class space    used 3602K, capacity 3828K, committed 3840K, reserved 1048576K
GC Heap History (10 events):
Event: 2.910 GC heap before
{Heap before GC invocations=4 (full 0):
 PSYoungGen      total 38400K, used 38373K [0x00000000d5c00000, 0x00000000da700000, 0x0000000100000000)
  eden space 33280K, 100% used [0x00000000d5c00000,0x00000000d7c80000,0x00000000d7c80000)
  from space 5120K, 99% used [0x00000000d7c80000,0x00000000d8179440,0x00000000d8180000)
  to   space 5120K, 0% used [0x00000000da200000,0x00000000da200000,0x00000000da700000)
 ParOldGen       total 87552K, used 1760K [0x0000000081400000, 0x0000000086980000, 0x00000000d5c00000)
  object space 87552K, 2% used [0x0000000081400000,0x00000000815b80e0,0x0000000086980000)
 Metaspace       used 19352K, capacity 19940K, committed 20224K, reserved 1067008K
  class space    used 2545K, capacity 2710K, committed 2816K, reserved 1048576K
Event: 2.923 GC heap after
Heap after GC invocations=4 (full 0):
 PSYoungGen      total 71680K, used 5118K [0x00000000d5c00000, 0x00000000da700000, 0x0000000100000000)
  eden space 66560K, 0% used [0x00000000d5c00000,0x00000000d5c00000,0x00000000d9d00000)
  from space 5120K, 99% used [0x00000000da200000,0x00000000da6ff868,0x00000000da700000)
  to   space 5120K, 0% used [0x00000000d9d00000,0x00000000d9d00000,0x00000000da200000)
 ParOldGen       total 87552K, used 4266K [0x0000000081400000, 0x0000000086980000, 0x00000000d5c00000)
  object space 87552K, 4% used [0x0000000081400000,0x000000008182ab10,0x0000000086980000)
 Metaspace       used 19352K, capacity 19940K, committed 20224K, reserved 1067008K
  class space    used 2545K, capacity 2710K, committed 2816K, reserved 1048576K
}
Event: 3.190 GC heap before
{Heap before GC invocations=5 (full 0):
 PSYoungGen      total 71680K, used 16745K [0x00000000d5c00000, 0x00000000da700000, 0x0000000100000000)
  eden space 66560K, 17% used [0x00000000d5c00000,0x00000000d675aeb8,0x00000000d9d00000)
  from space 5120K, 99% used [0x00000000da200000,0x00000000da6ff868,0x00000000da700000)
  to   space 5120K, 0% used [0x00000000d9d00000,0x00000000d9d00000,0x00000000da200000)
 ParOldGen       total 87552K, used 4266K [0x0000000081400000, 0x0000000086980000, 0x00000000d5c00000)
  object space 87552K, 4% used [0x0000000081400000,0x000000008182ab10,0x0000000086980000)
 Metaspace       used 20649K, capacity 21200K, committed 21248K, reserved 1067008K
  class space    used 2659K, capacity 2808K, committed 2816K, reserved 1048576K
Event: 3.232 GC heap after
Heap after GC invocations=5 (full 0):
 PSYoungGen      total 71680K, used 5107K [0x00000000d5c00000, 0x00000000da700000, 0x0000000100000000)
  eden space 66560K, 0% used [0x00000000d5c00000,0x00000000d5c00000,0x00000000d9d00000)
  from space 5120K, 99% used [0x00000000d9d00000,0x00000000da1fcc30,0x00000000da200000)
  to   space 5120K, 0% used [0x00000000da200000,0x00000000da200000,0x00000000da700000)
 ParOldGen       total 87552K, used 5661K [0x0000000081400000, 0x0000000086980000, 0x00000000d5c00000)
  object space 87552K, 6% used [0x0000000081400000,0x0000000081987658,0x0000000086980000)
 Metaspace       used 20649K, capacity 21200K, committed 21248K, reserved 1067008K
  class space    used 2659K, capacity 2808K, committed 2816K, reserved 1048576K
}
Event: 3.232 GC heap before
{Heap before GC invocations=6 (full 1):
 PSYoungGen      total 71680K, used 5107K [0x00000000d5c00000, 0x00000000da700000, 0x0000000100000000)
  eden space 66560K, 0% used [0x00000000d5c00000,0x00000000d5c00000,0x00000000d9d00000)
  from space 5120K, 99% used [0x00000000d9d00000,0x00000000da1fcc30,0x00000000da200000)
  to   space 5120K, 0% used [0x00000000da200000,0x00000000da200000,0x00000000da700000)
 ParOldGen       total 87552K, used 5661K [0x0000000081400000, 0x0000000086980000, 0x00000000d5c00000)
  object space 87552K, 6% used [0x0000000081400000,0x0000000081987658,0x0000000086980000)
 Metaspace       used 20649K, capacity 21200K, committed 21248K, reserved 1067008K
  class space    used 2659K, capacity 2808K, committed 2816K, reserved 1048576K
Event: 3.342 GC heap after
Heap after GC invocations=6 (full 1):
 PSYoungGen      total 71680K, used 0K [0x00000000d5c00000, 0x00000000da700000, 0x0000000100000000)
  eden space 66560K, 0% used [0x00000000d5c00000,0x00000000d5c00000,0x00000000d9d00000)
  from space 5120K, 0% used [0x00000000d9d00000,0x00000000d9d00000,0x00000000da200000)
  to   space 5120K, 0% used [0x00000000da200000,0x00000000da200000,0x00000000da700000)
 ParOldGen       total 56832K, used 6402K [0x0000000081400000, 0x0000000084b80000, 0x00000000d5c00000)
  object space 56832K, 11% used [0x0000000081400000,0x0000000081a40bc0,0x0000000084b80000)
 Metaspace       used 20649K, capacity 21200K, committed 21248K, reserved 1067008K
  class space    used 2659K, capacity 2808K, committed 2816K, reserved 1048576K
}
Event: 5.413 GC heap before
{Heap before GC invocations=7 (full 1):
 PSYoungGen      total 71680K, used 66560K [0x00000000d5c00000, 0x00000000da700000, 0x0000000100000000)
  eden space 66560K, 100% used [0x00000000d5c00000,0x00000000d9d00000,0x00000000d9d00000)
  from space 5120K, 0% used [0x00000000d9d00000,0x00000000d9d00000,0x00000000da200000)
  to   space 5120K, 0% used [0x00000000da200000,0x00000000da200000,0x00000000da700000)
 ParOldGen       total 56832K, used 6402K [0x0000000081400000, 0x0000000084b80000, 0x00000000d5c00000)
  object space 56832K, 11% used [0x0000000081400000,0x0000000081a40bc0,0x0000000084b80000)
 Metaspace       used 26137K, capacity 26876K, committed 27136K, reserved 1073152K
  class space    used 3321K, capacity 3514K, committed 3584K, reserved 1048576K
Event: 5.424 GC heap after
Heap after GC invocations=7 (full 1):
 PSYoungGen      total 71680K, used 5106K [0x00000000d5c00000, 0x00000000da700000, 0x0000000100000000)
  eden space 66560K, 0% used [0x00000000d5c00000,0x00000000d5c00000,0x00000000d9d00000)
  from space 5120K, 99% used [0x00000000da200000,0x00000000da6fc8a8,0x00000000da700000)
  to   space 5120K, 0% used [0x00000000d9d00000,0x00000000d9d00000,0x00000000da200000)
 ParOldGen       total 56832K, used 9861K [0x0000000081400000, 0x0000000084b80000, 0x00000000d5c00000)
  object space 56832K, 17% used [0x0000000081400000,0x0000000081da17a0,0x0000000084b80000)
 Metaspace       used 26137K, capacity 26876K, committed 27136K, reserved 1073152K
  class space    used 3321K, capacity 3514K, committed 3584K, reserved 1048576K
}
Event: 6.508 GC heap before
{Heap before GC invocations=8 (full 1):
 PSYoungGen      total 71680K, used 71666K [0x00000000d5c00000, 0x00000000da700000, 0x0000000100000000)
  eden space 66560K, 100% used [0x00000000d5c00000,0x00000000d9d00000,0x00000000d9d00000)
  from space 5120K, 99% used [0x00000000da200000,0x00000000da6fc8a8,0x00000000da700000)
  to   space 5120K, 0% used [0x00000000d9d00000,0x00000000d9d00000,0x00000000da200000)
 ParOldGen       total 56832K, used 9861K [0x0000000081400000, 0x0000000084b80000, 0x00000000d5c00000)
  object space 56832K, 17% used [0x0000000081400000,0x0000000081da17a0,0x0000000084b80000)
 Metaspace       used 28304K, capacity 29244K, committed 29440K, reserved 1075200K
  class space    used 3602K, capacity 3828K, committed 3840K, reserved 1048576K
Event: 6.526 GC heap after
Heap after GC invocations=8 (full 1):
 PSYoungGen      total 71680K, used 5108K [0x00000000d5c00000, 0x00000000da700000, 0x0000000100000000)
  eden space 66560K, 0% used [0x00000000d5c00000,0x00000000d5c00000,0x00000000d9d00000)
  from space 5120K, 99% used [0x00000000d9d00000,0x00000000da1fd030,0x00000000da200000)
  to   space 5120K, 0% used [0x00000000da200000,0x00000000da200000,0x00000000da700000)
 ParOldGen       total 56832K, used 12525K [0x0000000081400000, 0x0000000084b80000, 0x00000000d5c00000)
  object space 56832K, 22% used [0x0000000081400000,0x000000008203b7c0,0x0000000084b80000)
 Metaspace       used 28304K, capacity 29244K, committed 29440K, reserved 1075200K
  class space    used 3602K, capacity 3828K, committed 3840K, reserved 1048576K
}

