# JRE version: Java(TM) SE Runtime Environment (8.0_60-b27) (build 1.8.0_60-b27)
# Java VM: Java HotSpot(TM) 64-Bit Server VM (25.60-b23 mixed mode windows-amd64 compressed oops)
Heap:
 PSYoungGen      total 110592K, used 4274K [0x00000000d5c00000, 0x00000000e0480000, 0x0000000100000000)
  eden space 101376K, 4% used [0x00000000d5c00000,0x00000000d602cb38,0x00000000dbf00000)
  from space 9216K, 0% used [0x00000000dbf00000,0x00000000dbf00000,0x00000000dc800000)
  to   space 10752K, 0% used [0x00000000dfa00000,0x00000000dfa00000,0x00000000e0480000)
 ParOldGen       total 57856K, used 14297K [0x0000000081400000, 0x0000000084c80000, 0x00000000d5c00000)
  object space 57856K, 24% used [0x0000000081400000,0x00000000821f66a8,0x0000000084c80000)
 Metaspace       used 33750K, capacity 35412K, committed 35584K, reserved 1079296K
  class space    used 4469K, capacity 4774K, committed 4864K, reserved 1048576K
GC Heap History (10 events):
Event: 2.580 GC heap before
{Heap before GC invocations=5 (full 1):
 PSYoungGen      total 71680K, used 5115K [0x00000000d5c00000, 0x00000000da700000, 0x0000000100000000)
  eden space 66560K, 0% used [0x00000000d5c00000,0x00000000d5c00000,0x00000000d9d00000)
  from space 5120K, 99% used [0x00000000da200000,0x00000000da6fed70,0x00000000da700000)
  to   space 5120K, 0% used [0x00000000d9d00000,0x00000000d9d00000,0x00000000da200000)
 ParOldGen       total 87552K, used 5412K [0x0000000081400000, 0x0000000086980000, 0x00000000d5c00000)
  object space 87552K, 6% used [0x0000000081400000,0x0000000081949388,0x0000000086980000)
 Metaspace       used 20602K, capacity 21190K, committed 21248K, reserved 1067008K
  class space    used 2647K, capacity 2807K, committed 2816K, reserved 1048576K
Event: 2.618 GC heap after
Heap after GC invocations=5 (full 1):
 PSYoungGen      total 71680K, used 0K [0x00000000d5c00000, 0x00000000da700000, 0x0000000100000000)
  eden space 66560K, 0% used [0x00000000d5c00000,0x00000000d5c00000,0x00000000d9d00000)
  from space 5120K, 0% used [0x00000000da200000,0x00000000da200000,0x00000000da700000)
  to   space 5120K, 0% used [0x00000000d9d00000,0x00000000d9d00000,0x00000000da200000)
 ParOldGen       total 57856K, used 7089K [0x0000000081400000, 0x0000000084c80000, 0x00000000d5c00000)
  object space 57856K, 12% used [0x0000000081400000,0x0000000081aec608,0x0000000084c80000)
 Metaspace       used 20602K, capacity 21190K, committed 21248K, reserved 1067008K
  class space    used 2647K, capacity 2807K, committed 2816K, reserved 1048576K
}
Event: 4.306 GC heap before
{Heap before GC invocations=6 (full 1):
 PSYoungGen      total 71680K, used 66560K [0x00000000d5c00000, 0x00000000da700000, 0x0000000100000000)
  eden space 66560K, 100% used [0x00000000d5c00000,0x00000000d9d00000,0x00000000d9d00000)
  from space 5120K, 0% used [0x00000000da200000,0x00000000da200000,0x00000000da700000)
  to   space 5120K, 0% used [0x00000000d9d00000,0x00000000d9d00000,0x00000000da200000)
 ParOldGen       total 57856K, used 7089K [0x0000000081400000, 0x0000000084c80000, 0x00000000d5c00000)
  object space 57856K, 12% used [0x0000000081400000,0x0000000081aec608,0x0000000084c80000)
 Metaspace       used 27342K, capacity 28158K, committed 28416K, reserved 1073152K
  class space    used 3532K, capacity 3751K, committed 3840K, reserved 1048576K
Event: 4.324 GC heap after
Heap after GC invocations=6 (full 1):
 PSYoungGen      total 71680K, used 5101K [0x00000000d5c00000, 0x00000000dd200000, 0x0000000100000000)
  eden space 66560K, 0% used [0x00000000d5c00000,0x00000000d5c00000,0x00000000d9d00000)
  from space 5120K, 99% used [0x00000000d9d00000,0x00000000da1fb400,0x00000000da200000)
  to   space 9216K, 0% used [0x00000000dc900000,0x00000000dc900000,0x00000000dd200000)
 ParOldGen       total 57856K, used 10383K [0x0000000081400000, 0x0000000084c80000, 0x00000000d5c00000)
  object space 57856K, 17% used [0x0000000081400000,0x0000000081e23d18,0x0000000084c80000)
 Metaspace       used 27342K, capacity 28158K, committed 28416K, reserved 1073152K
  class space    used 3532K, capacity 3751K, committed 3840K, reserved 1048576K
}
Event: 5.559 GC heap before
{Heap before GC invocations=7 (full 1):
 PSYoungGen      total 71680K, used 71661K [0x00000000d5c00000, 0x00000000dd200000, 0x0000000100000000)
  eden space 66560K, 100% used [0x00000000d5c00000,0x00000000d9d00000,0x00000000d9d00000)
  from space 5120K, 99% used [0x00000000d9d00000,0x00000000da1fb400,0x00000000da200000)
  to   space 9216K, 0% used [0x00000000dc900000,0x00000000dc900000,0x00000000dd200000)
 ParOldGen       total 57856K, used 10383K [0x0000000081400000, 0x0000000084c80000, 0x00000000d5c00000)
  object space 57856K, 17% used [0x0000000081400000,0x0000000081e23d18,0x0000000084c80000)
 Metaspace       used 30261K, capacity 31626K, committed 31872K, reserved 1077248K
  class space    used 3910K, capacity 4191K, committed 4224K, reserved 1048576K
Event: 5.573 GC heap after
Heap after GC invocations=7 (full 1):
 PSYoungGen      total 109056K, used 7781K [0x00000000d5c00000, 0x00000000dd100000, 0x0000000100000000)
  eden space 100864K, 0% used [0x00000000d5c00000,0x00000000d5c00000,0x00000000dbe80000)
  from space 8192K, 94% used [0x00000000dc900000,0x00000000dd0994e0,0x00000000dd100000)
  to   space 9216K, 0% used [0x00000000dbf00000,0x00000000dbf00000,0x00000000dc800000)
 ParOldGen       total 57856K, used 10391K [0x0000000081400000, 0x0000000084c80000, 0x00000000d5c00000)
  object space 57856K, 17% used [0x0000000081400000,0x0000000081e25d18,0x0000000084c80000)
 Metaspace       used 30261K, capacity 31626K, committed 31872K, reserved 1077248K
  class space    used 3910K, capacity 4191K, committed 4224K, reserved 1048576K
}
Event: 7.493 GC heap before
{Heap before GC invocations=8 (full 1):
 PSYoungGen      total 109056K, used 108645K [0x00000000d5c00000, 0x00000000dd100000, 0x0000000100000000)
  eden space 100864K, 100% used [0x00000000d5c00000,0x00000000dbe80000,0x00000000dbe80000)
  from space 8192K, 94% used [0x00000000dc900000,0x00000000dd0994e0,0x00000000dd100000)
  to   space 9216K, 0% used [0x00000000dbf00000,0x00000000dbf00000,0x00000000dc800000)
 ParOldGen       total 57856K, used 10391K [0x0000000081400000, 0x0000000084c80000, 0x00000000d5c00000)
  object space 57856K, 17% used [0x0000000081400000,0x0000000081e25d18,0x0000000084c80000)
 Metaspace       used 33709K, capacity 35246K, committed 35416K, reserved 1079296K
  class space    used 4455K, capacity 4741K, committed 4864K, reserved 1048576K
Event: 7.516 GC heap after
Heap after GC invocations=8 (full 1):
 PSYoungGen      total 110592K, used 9214K [0x00000000d5c00000, 0x00000000e0480000, 0x0000000100000000)
  eden space 101376K, 0% used [0x00000000d5c00000,0x00000000d5c00000,0x00000000dbf00000)
  from space 9216K, 99% used [0x00000000dbf00000,0x00000000dc7ff9d0,0x00000000dc800000)
  to   space 10752K, 0% used [0x00000000dfa00000,0x00000000dfa00000,0x00000000e0480000)
 ParOldGen       total 57856K, used 11514K [0x0000000081400000, 0x0000000084c80000, 0x00000000d5c00000)
  object space 57856K, 19% used [0x0000000081400000,0x0000000081f3e930,0x0000000084c80000)
 Metaspace       used 33709K, capacity 35246K, committed 35416K, reserved 1079296K
  class space    used 4455K, capacity 4741K, committed 4864K, reserved 1048576K
}
Event: 7.516 GC heap before
{Heap before GC invocations=9 (full 2):
 PSYoungGen      total 110592K, used 9214K [0x00000000d5c00000, 0x00000000e0480000, 0x0000000100000000)
  eden space 101376K, 0% used [0x00000000d5c00000,0x00000000d5c00000,0x00000000dbf00000)
  from space 9216K, 99% used [0x00000000dbf00000,0x00000000dc7ff9d0,0x00000000dc800000)
  to   space 10752K, 0% used [0x00000000dfa00000,0x00000000dfa00000,0x00000000e0480000)
 ParOldGen       total 57856K, used 11514K [0x0000000081400000, 0x0000000084c80000, 0x00000000d5c00000)
  object space 57856K, 19% used [0x0000000081400000,0x0000000081f3e930,0x0000000084c80000)
 Metaspace       used 33709K, capacity 35246K, committed 35416K, reserved 1079296K
  class space    used 4455K, capacity 4741K, committed 4864K, reserved 1048576K
Event: 7.625 GC heap after
Heap after GC invocations=9 (full 2):
 PSYoungGen      total 110592K, used 0K [0x00000000d5c00000, 0x00000000e0480000, 0x0000000100000000)
  eden space 101376K, 0% used [0x00000000d5c00000,0x00000000d5c00000,0x00000000dbf00000)
  from space 9216K, 0% used [0x00000000dbf00000,0x00000000dbf00000,0x00000000dc800000)
  to   space 10752K, 0% used [0x00000000dfa00000,0x00000000dfa00000,0x00000000e0480000)
 ParOldGen       total 57856K, used 14297K [0x0000000081400000, 0x0000000084c80000, 0x00000000d5c00000)
  object space 57856K, 24% used [0x0000000081400000,0x00000000821f66a8,0x0000000084c80000)
 Metaspace       used 33709K, capacity 35246K, committed 35416K, reserved 1079296K
  class space    used 4455K, capacity 4741K, committed 4864K, reserved 1048576K
}

